;  LST file generated by mikroListExporter - v.2.0 
; Date/Time: 5.11.2024 10:53:02
;----------------------------------------------

;Address Opcode 	ASM
0x0000	0xF002EF66  	GOTO        1228
_interrupt:
;Master485.c,10 :: 		void interrupt() {
0x0008	0xF017C000  	MOVFF       R0, 23
0x000C	0xF016C001  	MOVFF       R1, 22
0x0010	0xF015C002  	MOVFF       R2, 21
;Master485.c,11 :: 		RS485Master_Receive(dat);
0x0014	0xF01ACFE1  	MOVFF       FSR1L, 26
0x0018	0xF01BCFE2  	MOVFF       FSR1H, 27
0x001C	0xF018CFE9  	MOVFF       FSR0L, 24
0x0020	0xF019CFEA  	MOVFF       FSR0H, 25
0x0024	0x0E2A      	MOVLW       _dat
0x0026	0x6E4B      	MOVWF       FARG_RS485Master_Receive_data_buffer 
0x0028	0x0E00      	MOVLW       hi_addr(_dat)
0x002A	0x6E4C      	MOVWF       FARG_RS485Master_Receive_data_buffer+1 
0x002C	0xD83D      	RCALL       _RS485Master_Receive
;Master485.c,12 :: 		}
L_end_interrupt:
L__interrupt12:
0x002E	0xF000C017  	MOVFF       23, R0
0x0032	0xF001C016  	MOVFF       22, R1
0x0036	0xF002C015  	MOVFF       21, R2
0x003A	0xFFE9C018  	MOVFF       24, FSR0L
0x003E	0xFFEAC019  	MOVFF       25, FSR0H
0x0042	0xFFE1C01A  	MOVFF       26, FSR1L
0x0046	0xFFE2C01B  	MOVFF       27, FSR1H
0x004A	0x0011      	RETFIE      1
; end of _interrupt
_UART1_Read:
;__Lib_UART_c67.c,39 :: 		
;__Lib_UART_c67.c,42 :: 		
0x004C	0xF001CFAE  	MOVFF       RCREG, R1
;__Lib_UART_c67.c,43 :: 		
0x0050	0xA2AB      	BTFSS       RCSTA, 1 
0x0052	0xD002      	BRA         L_UART1_Read2
;__Lib_UART_c67.c,44 :: 		
0x0054	0x98AB      	BCF         RCSTA, 4 
;__Lib_UART_c67.c,45 :: 		
0x0056	0x88AB      	BSF         RCSTA, 4 
;__Lib_UART_c67.c,46 :: 		
L_UART1_Read2:
;__Lib_UART_c67.c,47 :: 		
0x0058	0xF000C001  	MOVFF       R1, R0
;__Lib_UART_c67.c,48 :: 		
L_end_UART1_Read:
0x005C	0x0012      	RETURN      0
; end of _UART1_Read
_UART1_Write:
;__Lib_UART_c67.c,58 :: 		
;__Lib_UART_c67.c,59 :: 		
L_UART1_Write3:
0x005E	0xB2AC      	BTFSC       TXSTA, 1 
0x0060	0xD002      	BRA         L_UART1_Write4
;__Lib_UART_c67.c,60 :: 		
0x0062	0x0000      	NOP
0x0064	0xD7FC      	BRA         L_UART1_Write3
L_UART1_Write4:
;__Lib_UART_c67.c,61 :: 		
0x0066	0xFFADC04A  	MOVFF       FARG_UART1_Write_data_, TXREG
;__Lib_UART_c67.c,62 :: 		
L_end_UART1_Write:
0x006A	0x0012      	RETURN      0
; end of _UART1_Write
_UART1_Data_Ready:
;__Lib_UART_c67.c,34 :: 		
;__Lib_UART_c67.c,35 :: 		
0x006C	0x0E00      	MOVLW       0
0x006E	0xBA9E      	BTFSC       PIR1, 5 
0x0070	0x0E01      	MOVLW       1
0x0072	0x6E00      	MOVWF       R0 
;__Lib_UART_c67.c,36 :: 		
L_end_UART1_Data_Ready:
0x0074	0x0012      	RETURN      0
; end of _UART1_Data_Ready
_UART1_Tx_Idle:
;__Lib_UART_c67.c,52 :: 		
;__Lib_UART_c67.c,53 :: 		
0x0076	0x0E00      	MOVLW       0
0x0078	0xB2AC      	BTFSC       TXSTA, 1 
0x007A	0x0E01      	MOVLW       1
0x007C	0x6E00      	MOVWF       R0 
;__Lib_UART_c67.c,54 :: 		
L_end_UART1_Tx_Idle:
0x007E	0x0012      	RETURN      0
; end of _UART1_Tx_Idle
_____DoIFC:
;__Lib_System.c,93 :: 		
;__Lib_System.c,94 :: 		
0x0080	0x50F2      	MOVF        INTCON, 0, 0
;__Lib_System.c,95 :: 		
0x0082	0x6E02      	MOVWF       R2, 0
;__Lib_System.c,96 :: 		
0x0084	0x9EF2      	BCF         INTCON, 7 
;__Lib_System.c,97 :: 		
0x0086	0x0005      	PUSH
;__Lib_System.c,98 :: 		
0x0088	0x6AFF      	CLRF        TOSU, 0
;__Lib_System.c,99 :: 		
0x008A	0x5001      	MOVF        R1, 0, 0
;__Lib_System.c,100 :: 		
0x008C	0x6EFE      	MOVWF       TOSH, 0
;__Lib_System.c,101 :: 		
0x008E	0x5000      	MOVF        R0, 0, 0
;__Lib_System.c,102 :: 		
0x0090	0x6EFD      	MOVWF       TOSL, 0
;__Lib_System.c,103 :: 		
0x0092	0xBE02      	BTFSC       R2, 7, 0
;__Lib_System.c,104 :: 		
0x0094	0x8EF2      	BSF         INTCON, 7, 0
;__Lib_System.c,105 :: 		
;__Lib_System.c,107 :: 		
L_end_____DoIFC:
0x0096	0x0012      	RETURN      0
; end of _____DoIFC
___CC2DW:
;__Lib_System.c,21 :: 		
;__Lib_System.c,23 :: 		
_CC2DL_Loop1:
;__Lib_System.c,24 :: 		
0x0098	0x0009      	TBLRD*+
;__Lib_System.c,25 :: 		
0x009A	0xFFE6CFF5  	MOVFF       TABLAT, POSTINC1
;__Lib_System.c,26 :: 		
0x009E	0x0600      	DECF        R0, 1, 0
;__Lib_System.c,27 :: 		
0x00A0	0xE1FB      	BNZ         _CC2DL_Loop1
;__Lib_System.c,28 :: 		
0x00A2	0x0601      	DECF        R1, 1, 0
;__Lib_System.c,29 :: 		
0x00A4	0xE1F9      	BNZ         _CC2DL_Loop1
;__Lib_System.c,31 :: 		
L_end___CC2DW:
0x00A6	0x0012      	RETURN      0
; end of ___CC2DW
_RS485Master_Receive:
;__Lib_RS485.c,304 :: 		
;__Lib_RS485.c,309 :: 		
0x00A8	0xF000C03E  	MOVFF       _UART_Rdy_Ptr, R0
0x00AC	0xF001C03F  	MOVFF       _UART_Rdy_Ptr+1, R1
0x00B0	0xDFE7      	RCALL       _____DoIFC
0x00B2	0x5200      	MOVF        R0, 1 
0x00B4	0xE101      	BNZ         L_RS485Master_Receive73
;__Lib_RS485.c,310 :: 		
0x00B6	0xD11D      	BRA         L_end_RS485Master_Receive
L_RS485Master_Receive73:
;__Lib_RS485.c,312 :: 		
0x00B8	0xF000C035  	MOVFF       _UART_Rd_Ptr, R0
0x00BC	0xF001C036  	MOVFF       _UART_Rd_Ptr+1, R1
0x00C0	0xDFDF      	RCALL       _____DoIFC
0x00C2	0xF03AC000  	MOVFF       R0, RS485Master_Receive_rec_L0
;__Lib_RS485.c,314 :: 		
0x00C6	0xD0FA      	BRA         L_RS485Master_Receive74
;__Lib_RS485.c,315 :: 		
L_RS485Master_Receive76:
;__Lib_RS485.c,316 :: 		
0x00C8	0x503A      	MOVF        RS485Master_Receive_rec_L0, 0 
0x00CA	0x0A96      	XORLW       150
0x00CC	0xE103      	BNZ         L_RS485Master_Receive77
;__Lib_RS485.c,317 :: 		
0x00CE	0x0E02      	MOVLW       2
0x00D0	0x6E20      	MOVWF       __Lib_RS485_ms_state 
;__Lib_RS485.c,318 :: 		
0x00D2	0x6A3B      	CLRF        RS485Master_Receive_crc_is_ok_L0 
;__Lib_RS485.c,319 :: 		
L_RS485Master_Receive77:
;__Lib_RS485.c,320 :: 		
0x00D4	0xD10E      	BRA         L_RS485Master_Receive75
;__Lib_RS485.c,322 :: 		
L_RS485Master_Receive78:
;__Lib_RS485.c,323 :: 		
0x00D6	0xF039C03A  	MOVFF       RS485Master_Receive_rec_L0, RS485Master_Receive_adre_L0
;__Lib_RS485.c,324 :: 		
0x00DA	0x0E03      	MOVLW       3
0x00DC	0x6E20      	MOVWF       __Lib_RS485_ms_state 
;__Lib_RS485.c,325 :: 		
0x00DE	0x0E06      	MOVLW       6
0x00E0	0x244B      	ADDWF       FARG_RS485Master_Receive_data_buffer, 0 
0x00E2	0x6EE1      	MOVWF       FSR1L 
0x00E4	0x0E00      	MOVLW       0
0x00E6	0x204C      	ADDWFC      FARG_RS485Master_Receive_data_buffer+1, 0 
0x00E8	0x6EE2      	MOVWF       FSR1H 
0x00EA	0xFFE6C03A  	MOVFF       RS485Master_Receive_rec_L0, POSTINC1
;__Lib_RS485.c,326 :: 		
0x00EE	0x503A      	MOVF        RS485Master_Receive_rec_L0, 0 
0x00F0	0x1A3B      	XORWF       RS485Master_Receive_crc_is_ok_L0, 1 
;__Lib_RS485.c,327 :: 		
0x00F2	0xD0FF      	BRA         L_RS485Master_Receive75
;__Lib_RS485.c,329 :: 		
L_RS485Master_Receive79:
;__Lib_RS485.c,330 :: 		
0x00F4	0x0E80      	MOVLW       128
0x00F6	0x143A      	ANDWF       RS485Master_Receive_rec_L0, 0 
0x00F8	0x6E01      	MOVWF       R1 
0x00FA	0x5001      	MOVF        R1, 0 
0x00FC	0x0A00      	XORLW       0
0x00FE	0xE121      	BNZ         L_RS485Master_Receive80
;__Lib_RS485.c,331 :: 		
0x0100	0xAC3A      	BTFSS       RS485Master_Receive_rec_L0, 6 
0x0102	0xD00B      	BRA         L_RS485Master_Receive81
;__Lib_RS485.c,332 :: 		
0x0104	0x0E06      	MOVLW       6
0x0106	0x244B      	ADDWF       FARG_RS485Master_Receive_data_buffer, 0 
0x0108	0x6EE1      	MOVWF       FSR1L 
0x010A	0x0E00      	MOVLW       0
0x010C	0x204C      	ADDWFC      FARG_RS485Master_Receive_data_buffer+1, 0 
0x010E	0x6EE2      	MOVWF       FSR1H 
0x0110	0x0E01      	MOVLW       1
0x0112	0x1839      	XORWF       RS485Master_Receive_adre_L0, 0 
0x0114	0x6E00      	MOVWF       R0 
0x0116	0xFFE6C000  	MOVFF       R0, POSTINC1
L_RS485Master_Receive81:
;__Lib_RS485.c,333 :: 		
0x011A	0xF03CC03A  	MOVFF       RS485Master_Receive_rec_L0, RS485Master_Receive_key_L0
;__Lib_RS485.c,334 :: 		
0x011E	0x503A      	MOVF        RS485Master_Receive_rec_L0, 0 
0x0120	0x1A3B      	XORWF       RS485Master_Receive_crc_is_ok_L0, 1 
;__Lib_RS485.c,335 :: 		
0x0122	0x0E03      	MOVLW       3
0x0124	0x143A      	ANDWF       RS485Master_Receive_rec_L0, 0 
0x0126	0x6E01      	MOVWF       R1 
0x0128	0xF042C001  	MOVFF       R1, RS485Master_Receive_datalen_L0
;__Lib_RS485.c,336 :: 		
0x012C	0x5001      	MOVF        R1, 0 
0x012E	0x0A00      	XORLW       0
0x0130	0xE103      	BNZ         L_RS485Master_Receive82
;__Lib_RS485.c,337 :: 		
0x0132	0x0E05      	MOVLW       5
0x0134	0x6E20      	MOVWF       __Lib_RS485_ms_state 
0x0136	0xD004      	BRA         L_RS485Master_Receive83
L_RS485Master_Receive82:
;__Lib_RS485.c,339 :: 		
0x0138	0x0E01      	MOVLW       1
0x013A	0x6E3D      	MOVWF       RS485Master_Receive_i_L0 
;__Lib_RS485.c,340 :: 		
0x013C	0x0E04      	MOVLW       4
0x013E	0x6E20      	MOVWF       __Lib_RS485_ms_state 
;__Lib_RS485.c,341 :: 		
L_RS485Master_Receive83:
;__Lib_RS485.c,342 :: 		
0x0140	0xD00A      	BRA         L_RS485Master_Receive84
L_RS485Master_Receive80:
;__Lib_RS485.c,345 :: 		
0x0142	0x0E05      	MOVLW       5
0x0144	0x244B      	ADDWF       FARG_RS485Master_Receive_data_buffer, 0 
0x0146	0x6EE1      	MOVWF       FSR1L 
0x0148	0x0E00      	MOVLW       0
0x014A	0x204C      	ADDWFC      FARG_RS485Master_Receive_data_buffer+1, 0 
0x014C	0x6EE2      	MOVWF       FSR1H 
0x014E	0x0EFF      	MOVLW       255
0x0150	0x6EE6      	MOVWF       POSTINC1 
;__Lib_RS485.c,346 :: 		
0x0152	0x0E01      	MOVLW       1
0x0154	0x6E20      	MOVWF       __Lib_RS485_ms_state 
;__Lib_RS485.c,347 :: 		
L_RS485Master_Receive84:
;__Lib_RS485.c,348 :: 		
0x0156	0xD0CD      	BRA         L_RS485Master_Receive75
;__Lib_RS485.c,350 :: 		
L_RS485Master_Receive85:
;__Lib_RS485.c,351 :: 		
0x0158	0x503A      	MOVF        RS485Master_Receive_rec_L0, 0 
0x015A	0x0AA9      	XORLW       169
0x015C	0xE10B      	BNZ         L_RS485Master_Receive86
;__Lib_RS485.c,352 :: 		
0x015E	0x0E05      	MOVLW       5
0x0160	0x244B      	ADDWF       FARG_RS485Master_Receive_data_buffer, 0 
0x0162	0x6EE1      	MOVWF       FSR1L 
0x0164	0x0E00      	MOVLW       0
0x0166	0x204C      	ADDWFC      FARG_RS485Master_Receive_data_buffer+1, 0 
0x0168	0x6EE2      	MOVWF       FSR1H 
0x016A	0x0EFF      	MOVLW       255
0x016C	0x6EE6      	MOVWF       POSTINC1 
;__Lib_RS485.c,353 :: 		
0x016E	0x0E01      	MOVLW       1
0x0170	0x6E20      	MOVWF       __Lib_RS485_ms_state 
;__Lib_RS485.c,354 :: 		
0x0172	0xD0BF      	BRA         L_RS485Master_Receive75
;__Lib_RS485.c,355 :: 		
L_RS485Master_Receive86:
;__Lib_RS485.c,356 :: 		
0x0174	0x503D      	MOVF        RS485Master_Receive_i_L0, 0 
0x0176	0x5C42      	SUBWF       RS485Master_Receive_datalen_L0, 0 
0x0178	0x6E00      	MOVWF       R0 
0x017A	0x6A01      	CLRF        R1 
0x017C	0x0E00      	MOVLW       0
0x017E	0x5A01      	SUBWFB      R1, 1 
0x0180	0x5000      	MOVF        R0, 0 
0x0182	0x1001      	IORWF       R1, 0 
0x0184	0xE011      	BZ          L_RS485Master_Receive87
;__Lib_RS485.c,357 :: 		
0x0186	0x043D      	DECF        RS485Master_Receive_i_L0, 0 
0x0188	0x6E00      	MOVWF       R0 
0x018A	0x6A01      	CLRF        R1 
0x018C	0x0E00      	MOVLW       0
0x018E	0x5A01      	SUBWFB      R1, 1 
0x0190	0x5000      	MOVF        R0, 0 
0x0192	0x244B      	ADDWF       FARG_RS485Master_Receive_data_buffer, 0 
0x0194	0x6EE1      	MOVWF       FSR1L 
0x0196	0x5001      	MOVF        R1, 0 
0x0198	0x204C      	ADDWFC      FARG_RS485Master_Receive_data_buffer+1, 0 
0x019A	0x6EE2      	MOVWF       FSR1H 
0x019C	0xFFE6C03A  	MOVFF       RS485Master_Receive_rec_L0, POSTINC1
;__Lib_RS485.c,358 :: 		
0x01A0	0x503A      	MOVF        RS485Master_Receive_rec_L0, 0 
0x01A2	0x1A3B      	XORWF       RS485Master_Receive_crc_is_ok_L0, 1 
;__Lib_RS485.c,359 :: 		
0x01A4	0x2A3D      	INCF        RS485Master_Receive_i_L0, 1 
;__Lib_RS485.c,360 :: 		
0x01A6	0xD011      	BRA         L_RS485Master_Receive88
L_RS485Master_Receive87:
;__Lib_RS485.c,363 :: 		
0x01A8	0x043D      	DECF        RS485Master_Receive_i_L0, 0 
0x01AA	0x6E00      	MOVWF       R0 
0x01AC	0x6A01      	CLRF        R1 
0x01AE	0x0E00      	MOVLW       0
0x01B0	0x5A01      	SUBWFB      R1, 1 
0x01B2	0x5000      	MOVF        R0, 0 
0x01B4	0x244B      	ADDWF       FARG_RS485Master_Receive_data_buffer, 0 
0x01B6	0x6EE1      	MOVWF       FSR1L 
0x01B8	0x5001      	MOVF        R1, 0 
0x01BA	0x204C      	ADDWFC      FARG_RS485Master_Receive_data_buffer+1, 0 
0x01BC	0x6EE2      	MOVWF       FSR1H 
0x01BE	0xFFE6C03A  	MOVFF       RS485Master_Receive_rec_L0, POSTINC1
;__Lib_RS485.c,364 :: 		
0x01C2	0x0E05      	MOVLW       5
0x01C4	0x6E20      	MOVWF       __Lib_RS485_ms_state 
;__Lib_RS485.c,365 :: 		
0x01C6	0x503A      	MOVF        RS485Master_Receive_rec_L0, 0 
0x01C8	0x1A3B      	XORWF       RS485Master_Receive_crc_is_ok_L0, 1 
;__Lib_RS485.c,366 :: 		
L_RS485Master_Receive88:
;__Lib_RS485.c,367 :: 		
0x01CA	0xD093      	BRA         L_RS485Master_Receive75
;__Lib_RS485.c,369 :: 		
L_RS485Master_Receive89:
;__Lib_RS485.c,370 :: 		
0x01CC	0x1C3B      	COMF        RS485Master_Receive_crc_is_ok_L0, 0 
0x01CE	0x6E01      	MOVWF       R1 
0x01D0	0xF03BC001  	MOVFF       R1, RS485Master_Receive_crc_is_ok_L0
;__Lib_RS485.c,371 :: 		
0x01D4	0x5001      	MOVF        R1, 0 
0x01D6	0x0A96      	XORLW       150
0x01D8	0xE004      	BZ          L__RS485Master_Receive113
0x01DA	0x503B      	MOVF        RS485Master_Receive_crc_is_ok_L0, 0 
0x01DC	0x0AA9      	XORLW       169
0x01DE	0xE001      	BZ          L__RS485Master_Receive113
0x01E0	0xD001      	BRA         L_RS485Master_Receive92
L__RS485Master_Receive113:
;__Lib_RS485.c,372 :: 		
0x01E2	0x2A3B      	INCF        RS485Master_Receive_crc_is_ok_L0, 1 
L_RS485Master_Receive92:
;__Lib_RS485.c,373 :: 		
0x01E4	0x503B      	MOVF        RS485Master_Receive_crc_is_ok_L0, 0 
0x01E6	0x183A      	XORWF       RS485Master_Receive_rec_L0, 0 
0x01E8	0xE103      	BNZ         L_RS485Master_Receive93
;__Lib_RS485.c,374 :: 		
0x01EA	0x0E06      	MOVLW       6
0x01EC	0x6E20      	MOVWF       __Lib_RS485_ms_state 
;__Lib_RS485.c,375 :: 		
0x01EE	0xD00A      	BRA         L_RS485Master_Receive94
L_RS485Master_Receive93:
;__Lib_RS485.c,378 :: 		
0x01F0	0x0E05      	MOVLW       5
0x01F2	0x244B      	ADDWF       FARG_RS485Master_Receive_data_buffer, 0 
0x01F4	0x6EE1      	MOVWF       FSR1L 
0x01F6	0x0E00      	MOVLW       0
0x01F8	0x204C      	ADDWFC      FARG_RS485Master_Receive_data_buffer+1, 0 
0x01FA	0x6EE2      	MOVWF       FSR1H 
0x01FC	0x0EFF      	MOVLW       255
0x01FE	0x6EE6      	MOVWF       POSTINC1 
;__Lib_RS485.c,379 :: 		
0x0200	0x0E01      	MOVLW       1
0x0202	0x6E20      	MOVWF       __Lib_RS485_ms_state 
;__Lib_RS485.c,380 :: 		
L_RS485Master_Receive94:
;__Lib_RS485.c,381 :: 		
0x0204	0xD076      	BRA         L_RS485Master_Receive75
;__Lib_RS485.c,383 :: 		
L_RS485Master_Receive95:
;__Lib_RS485.c,384 :: 		
0x0206	0x503A      	MOVF        RS485Master_Receive_rec_L0, 0 
0x0208	0x0AA9      	XORLW       169
0x020A	0xE13F      	BNZ         L_RS485Master_Receive96
;__Lib_RS485.c,385 :: 		
0x020C	0x0E01      	MOVLW       1
0x020E	0x6E20      	MOVWF       __Lib_RS485_ms_state 
;__Lib_RS485.c,386 :: 		
0x0210	0x0E04      	MOVLW       4
0x0212	0x244B      	ADDWF       FARG_RS485Master_Receive_data_buffer, 0 
0x0214	0x6EE1      	MOVWF       FSR1L 
0x0216	0x0E00      	MOVLW       0
0x0218	0x204C      	ADDWFC      FARG_RS485Master_Receive_data_buffer+1, 0 
0x021A	0x6EE2      	MOVWF       FSR1H 
0x021C	0x0EFF      	MOVLW       255
0x021E	0x6EE6      	MOVWF       POSTINC1 
;__Lib_RS485.c,387 :: 		
0x0220	0x0E03      	MOVLW       3
0x0222	0x244B      	ADDWF       FARG_RS485Master_Receive_data_buffer, 0 
0x0224	0x6EE1      	MOVWF       FSR1L 
0x0226	0x0E00      	MOVLW       0
0x0228	0x204C      	ADDWFC      FARG_RS485Master_Receive_data_buffer+1, 0 
0x022A	0x6EE2      	MOVWF       FSR1H 
0x022C	0xFFE6C042  	MOVFF       RS485Master_Receive_datalen_L0, POSTINC1
;__Lib_RS485.c,388 :: 		
0x0230	0x0E01      	MOVLW       1
0x0232	0x6E3D      	MOVWF       RS485Master_Receive_i_L0 
L_RS485Master_Receive97:
0x0234	0x503D      	MOVF        RS485Master_Receive_i_L0, 0 
0x0236	0x5C42      	SUBWF       RS485Master_Receive_datalen_L0, 0 
0x0238	0xE327      	BNC         L_RS485Master_Receive98
;__Lib_RS485.c,390 :: 		
0x023A	0xF001C03D  	MOVFF       RS485Master_Receive_i_L0, R1
0x023E	0x0E02      	MOVLW       2
0x0240	0x6E00      	MOVWF       R0 
0x0242	0x5001      	MOVF        R1, 0 
L__RS485Master_Receive126:
0x0244	0xE004      	BZ          L__RS485Master_Receive127
0x0246	0x3600      	RLCF        R0, 1 
0x0248	0x9000      	BCF         R0, 0 
0x024A	0x0FFF      	ADDLW       255
0x024C	0xD7FB      	BRA         L__RS485Master_Receive126
L__RS485Master_Receive127:
;__Lib_RS485.c,391 :: 		
0x024E	0x503C      	MOVF        RS485Master_Receive_key_L0, 0 
0x0250	0x1600      	ANDWF       R0, 1 
0x0252	0xE018      	BZ          L_RS485Master_Receive100
;__Lib_RS485.c,392 :: 		
0x0254	0x043D      	DECF        RS485Master_Receive_i_L0, 0 
0x0256	0x6E00      	MOVWF       R0 
0x0258	0x6A01      	CLRF        R1 
0x025A	0x0E00      	MOVLW       0
0x025C	0x5A01      	SUBWFB      R1, 1 
0x025E	0x5000      	MOVF        R0, 0 
0x0260	0x244B      	ADDWF       FARG_RS485Master_Receive_data_buffer, 0 
0x0262	0x6E02      	MOVWF       R2 
0x0264	0x5001      	MOVF        R1, 0 
0x0266	0x204C      	ADDWFC      FARG_RS485Master_Receive_data_buffer+1, 0 
0x0268	0x6E03      	MOVWF       R3 
0x026A	0xFFE9C002  	MOVFF       R2, FSR0L
0x026E	0xFFEAC003  	MOVFF       R3, FSR0H
0x0272	0x0E01      	MOVLW       1
0x0274	0x18EE      	XORWF       POSTINC0, 0 
0x0276	0x6E00      	MOVWF       R0 
0x0278	0xFFE1C002  	MOVFF       R2, FSR1L
0x027C	0xFFE2C003  	MOVFF       R3, FSR1H
0x0280	0xFFE6C000  	MOVFF       R0, POSTINC1
L_RS485Master_Receive100:
;__Lib_RS485.c,388 :: 		
0x0284	0x2A3D      	INCF        RS485Master_Receive_i_L0, 1 
;__Lib_RS485.c,393 :: 		
0x0286	0xD7D6      	BRA         L_RS485Master_Receive97
L_RS485Master_Receive98:
;__Lib_RS485.c,394 :: 		
0x0288	0xD00A      	BRA         L_RS485Master_Receive101
L_RS485Master_Receive96:
;__Lib_RS485.c,396 :: 		
0x028A	0x0E05      	MOVLW       5
0x028C	0x244B      	ADDWF       FARG_RS485Master_Receive_data_buffer, 0 
0x028E	0x6EE1      	MOVWF       FSR1L 
0x0290	0x0E00      	MOVLW       0
0x0292	0x204C      	ADDWFC      FARG_RS485Master_Receive_data_buffer+1, 0 
0x0294	0x6EE2      	MOVWF       FSR1H 
0x0296	0x0EFF      	MOVLW       255
0x0298	0x6EE6      	MOVWF       POSTINC1 
;__Lib_RS485.c,397 :: 		
0x029A	0x0E01      	MOVLW       1
0x029C	0x6E20      	MOVWF       __Lib_RS485_ms_state 
;__Lib_RS485.c,398 :: 		
L_RS485Master_Receive101:
;__Lib_RS485.c,399 :: 		
0x029E	0xD029      	BRA         L_RS485Master_Receive75
;__Lib_RS485.c,401 :: 		
L_RS485Master_Receive102:
;__Lib_RS485.c,402 :: 		
0x02A0	0x0E05      	MOVLW       5
0x02A2	0x244B      	ADDWF       FARG_RS485Master_Receive_data_buffer, 0 
0x02A4	0x6EE1      	MOVWF       FSR1L 
0x02A6	0x0E00      	MOVLW       0
0x02A8	0x204C      	ADDWFC      FARG_RS485Master_Receive_data_buffer+1, 0 
0x02AA	0x6EE2      	MOVWF       FSR1H 
0x02AC	0x0EFF      	MOVLW       255
0x02AE	0x6EE6      	MOVWF       POSTINC1 
;__Lib_RS485.c,403 :: 		
0x02B0	0x0E01      	MOVLW       1
0x02B2	0x6E20      	MOVWF       __Lib_RS485_ms_state 
;__Lib_RS485.c,404 :: 		
0x02B4	0xD01E      	BRA         L_RS485Master_Receive75
;__Lib_RS485.c,406 :: 		
L_RS485Master_Receive103:
;__Lib_RS485.c,408 :: 		
0x02B6	0x0E01      	MOVLW       1
0x02B8	0x6E20      	MOVWF       __Lib_RS485_ms_state 
;__Lib_RS485.c,410 :: 		
0x02BA	0xD01B      	BRA         L_RS485Master_Receive75
L_RS485Master_Receive74:
0x02BC	0x5020      	MOVF        __Lib_RS485_ms_state, 0 
0x02BE	0x0A01      	XORLW       1
0x02C0	0xB4D8      	BTFSC       STATUS, 2 
0x02C2	0xD702      	BRA         L_RS485Master_Receive76
0x02C4	0x5020      	MOVF        __Lib_RS485_ms_state, 0 
0x02C6	0x0A02      	XORLW       2
0x02C8	0xB4D8      	BTFSC       STATUS, 2 
0x02CA	0xD705      	BRA         L_RS485Master_Receive78
0x02CC	0x5020      	MOVF        __Lib_RS485_ms_state, 0 
0x02CE	0x0A03      	XORLW       3
0x02D0	0xB4D8      	BTFSC       STATUS, 2 
0x02D2	0xD710      	BRA         L_RS485Master_Receive79
0x02D4	0x5020      	MOVF        __Lib_RS485_ms_state, 0 
0x02D6	0x0A04      	XORLW       4
0x02D8	0xB4D8      	BTFSC       STATUS, 2 
0x02DA	0xD73E      	BRA         L_RS485Master_Receive85
0x02DC	0x5020      	MOVF        __Lib_RS485_ms_state, 0 
0x02DE	0x0A05      	XORLW       5
0x02E0	0xB4D8      	BTFSC       STATUS, 2 
0x02E2	0xD774      	BRA         L_RS485Master_Receive89
0x02E4	0x5020      	MOVF        __Lib_RS485_ms_state, 0 
0x02E6	0x0A06      	XORLW       6
0x02E8	0xE08E      	BZ          L_RS485Master_Receive95
0x02EA	0x5020      	MOVF        __Lib_RS485_ms_state, 0 
0x02EC	0x0A07      	XORLW       7
0x02EE	0xE0D8      	BZ          L_RS485Master_Receive102
0x02F0	0xD7E2      	BRA         L_RS485Master_Receive103
L_RS485Master_Receive75:
;__Lib_RS485.c,411 :: 		
L_end_RS485Master_Receive:
0x02F2	0x0012      	RETURN      0
; end of _RS485Master_Receive
_UART1_Init:
;__Lib_UART_c67.c,15 :: 		
;__Lib_UART_c67.c,18 :: 		
0x02F4	0x0E5E      	MOVLW       _UART1_Write
0x02F6	0x6E21      	MOVWF       _UART_Wr_Ptr 
0x02F8	0x0E00      	MOVLW       hi_addr(_UART1_Write)
0x02FA	0x6E22      	MOVWF       _UART_Wr_Ptr+1 
0x02FC	0x0E4A      	MOVLW       FARG_UART1_Write_data_
0x02FE	0x6E23      	MOVWF       _UART_Wr_Ptr+2 
0x0300	0x0E00      	MOVLW       hi_addr(FARG_UART1_Write_data_)
0x0302	0x6E24      	MOVWF       _UART_Wr_Ptr+3 
;__Lib_UART_c67.c,19 :: 		
0x0304	0x0E4C      	MOVLW       _UART1_Read
0x0306	0x6E35      	MOVWF       _UART_Rd_Ptr 
0x0308	0x0E00      	MOVLW       hi_addr(_UART1_Read)
0x030A	0x6E36      	MOVWF       _UART_Rd_Ptr+1 
0x030C	0x0E00      	MOVLW       0
0x030E	0x6E37      	MOVWF       _UART_Rd_Ptr+2 
0x0310	0x0E00      	MOVLW       0
0x0312	0x6E38      	MOVWF       _UART_Rd_Ptr+3 
;__Lib_UART_c67.c,20 :: 		
0x0314	0x0E6C      	MOVLW       _UART1_Data_Ready
0x0316	0x6E3E      	MOVWF       _UART_Rdy_Ptr 
0x0318	0x0E00      	MOVLW       hi_addr(_UART1_Data_Ready)
0x031A	0x6E3F      	MOVWF       _UART_Rdy_Ptr+1 
0x031C	0x0E00      	MOVLW       0
0x031E	0x6E40      	MOVWF       _UART_Rdy_Ptr+2 
0x0320	0x0E00      	MOVLW       0
0x0322	0x6E41      	MOVWF       _UART_Rdy_Ptr+3 
;__Lib_UART_c67.c,21 :: 		
0x0324	0x0E76      	MOVLW       _UART1_Tx_Idle
0x0326	0x6E25      	MOVWF       _UART_Tx_Idle_Ptr 
0x0328	0x0E00      	MOVLW       hi_addr(_UART1_Tx_Idle)
0x032A	0x6E26      	MOVWF       _UART_Tx_Idle_Ptr+1 
0x032C	0x0E00      	MOVLW       0
0x032E	0x6E27      	MOVWF       _UART_Tx_Idle_Ptr+2 
0x0330	0x0E00      	MOVLW       0
0x0332	0x6E28      	MOVWF       _UART_Tx_Idle_Ptr+3 
;__Lib_UART_c67.c,23 :: 		
0x0334	0x8AAC      	BSF         TXSTA, 5 
;__Lib_UART_c67.c,24 :: 		
0x0336	0x0E90      	MOVLW       144
0x0338	0x6EAB      	MOVWF       RCSTA 
;__Lib_UART_c67.c,25 :: 		
0x033A	0x8E94      	BSF         TRISC7_bit, BitPos(TRISC7_bit+0) 
;__Lib_UART_c67.c,26 :: 		
0x033C	0x9C94      	BCF         TRISC6_bit, BitPos(TRISC6_bit+0) 
;__Lib_UART_c67.c,28 :: 		
L_UART1_Init0:
0x033E	0xAA9E      	BTFSS       PIR1, 5 
0x0340	0xD003      	BRA         L_UART1_Init1
;__Lib_UART_c67.c,29 :: 		
0x0342	0xF000CFAE  	MOVFF       RCREG, R0
0x0346	0xD7FB      	BRA         L_UART1_Init0
L_UART1_Init1:
;__Lib_UART_c67.c,30 :: 		
L_end_UART1_Init:
0x0348	0x0012      	RETURN      0
; end of _UART1_Init
_RS485Master_Send:
;__Lib_RS485.c,244 :: 		
;__Lib_RS485.c,248 :: 		
0x034A	0x8482      	BSF         rs485_rxtx_pin, BitPos(rs485_rxtx_pin+0) 
;__Lib_RS485.c,249 :: 		
0x034C	0xF049C045  	MOVFF       FARG_RS485Master_Send_datalen, RS485Master_Send_len_L0
;__Lib_RS485.c,250 :: 		
0x0350	0xFFE1C023  	MOVFF       _UART_Wr_Ptr+2, FSR1L
0x0354	0xFFE2C024  	MOVFF       _UART_Wr_Ptr+3, FSR1H
0x0358	0x0E96      	MOVLW       150
0x035A	0x6EE6      	MOVWF       POSTINC1 
0x035C	0xF000C021  	MOVFF       _UART_Wr_Ptr, R0
0x0360	0xF001C022  	MOVFF       _UART_Wr_Ptr+1, R1
0x0364	0xDE8D      	RCALL       _____DoIFC
;__Lib_RS485.c,252 :: 		
0x0366	0x5046      	MOVF        FARG_RS485Master_Send_slave_address, 0 
0x0368	0x0A96      	XORLW       150
0x036A	0xE004      	BZ          L__RS485Master_Send112
0x036C	0x5046      	MOVF        FARG_RS485Master_Send_slave_address, 0 
0x036E	0x0AA9      	XORLW       169
0x0370	0xE001      	BZ          L__RS485Master_Send112
0x0372	0xD002      	BRA         L_RS485Master_Send58
L__RS485Master_Send112:
;__Lib_RS485.c,253 :: 		
0x0374	0x7046      	BTG         FARG_RS485Master_Send_slave_address, 0 
;__Lib_RS485.c,254 :: 		
0x0376	0x8C45      	BSF         FARG_RS485Master_Send_datalen, 6 
;__Lib_RS485.c,255 :: 		
L_RS485Master_Send58:
;__Lib_RS485.c,256 :: 		
0x0378	0xFFE1C023  	MOVFF       _UART_Wr_Ptr+2, FSR1L
0x037C	0xFFE2C024  	MOVFF       _UART_Wr_Ptr+3, FSR1H
0x0380	0xFFE6C046  	MOVFF       FARG_RS485Master_Send_slave_address, POSTINC1
0x0384	0xF000C021  	MOVFF       _UART_Wr_Ptr, R0
0x0388	0xF001C022  	MOVFF       _UART_Wr_Ptr+1, R1
0x038C	0xDE79      	RCALL       _____DoIFC
;__Lib_RS485.c,257 :: 		
0x038E	0x0649      	DECF        RS485Master_Send_len_L0, 1 
;__Lib_RS485.c,258 :: 		
0x0390	0x6A47      	CLRF        RS485Master_Send_i_L0 
L_RS485Master_Send59:
0x0392	0x5047      	MOVF        RS485Master_Send_i_L0, 0 
0x0394	0x5C49      	SUBWF       RS485Master_Send_len_L0, 0 
0x0396	0xE334      	BNC         L_RS485Master_Send60
;__Lib_RS485.c,259 :: 		
0x0398	0x5047      	MOVF        RS485Master_Send_i_L0, 0 
0x039A	0x2443      	ADDWF       FARG_RS485Master_Send_data_buffer, 0 
0x039C	0x6EE9      	MOVWF       FSR0L 
0x039E	0x0E00      	MOVLW       0
0x03A0	0x2044      	ADDWFC      FARG_RS485Master_Send_data_buffer+1, 0 
0x03A2	0x6EEA      	MOVWF       FSR0H 
0x03A4	0x50EE      	MOVF        POSTINC0, 0 
0x03A6	0x0A96      	XORLW       150
0x03A8	0xE00A      	BZ          L__RS485Master_Send111
0x03AA	0x5047      	MOVF        RS485Master_Send_i_L0, 0 
0x03AC	0x2443      	ADDWF       FARG_RS485Master_Send_data_buffer, 0 
0x03AE	0x6EE9      	MOVWF       FSR0L 
0x03B0	0x0E00      	MOVLW       0
0x03B2	0x2044      	ADDWFC      FARG_RS485Master_Send_data_buffer+1, 0 
0x03B4	0x6EEA      	MOVWF       FSR0H 
0x03B6	0x50EE      	MOVF        POSTINC0, 0 
0x03B8	0x0AA9      	XORLW       169
0x03BA	0xE001      	BZ          L__RS485Master_Send111
0x03BC	0xD01F      	BRA         L_RS485Master_Send64
L__RS485Master_Send111:
;__Lib_RS485.c,260 :: 		
0x03BE	0x5047      	MOVF        RS485Master_Send_i_L0, 0 
0x03C0	0x2443      	ADDWF       FARG_RS485Master_Send_data_buffer, 0 
0x03C2	0x6E01      	MOVWF       R1 
0x03C4	0x0E00      	MOVLW       0
0x03C6	0x2044      	ADDWFC      FARG_RS485Master_Send_data_buffer+1, 0 
0x03C8	0x6E02      	MOVWF       R2 
0x03CA	0xFFE9C001  	MOVFF       R1, FSR0L
0x03CE	0xFFEAC002  	MOVFF       R2, FSR0H
0x03D2	0x0E01      	MOVLW       1
0x03D4	0x18EE      	XORWF       POSTINC0, 0 
0x03D6	0x6E00      	MOVWF       R0 
0x03D8	0xFFE1C001  	MOVFF       R1, FSR1L
0x03DC	0xFFE2C002  	MOVFF       R2, FSR1H
0x03E0	0xFFE6C000  	MOVFF       R0, POSTINC1
;__Lib_RS485.c,261 :: 		
0x03E4	0xF001C047  	MOVFF       RS485Master_Send_i_L0, R1
0x03E8	0x0E04      	MOVLW       4
0x03EA	0x6E00      	MOVWF       R0 
0x03EC	0x5001      	MOVF        R1, 0 
L__RS485Master_Send123:
0x03EE	0xE004      	BZ          L__RS485Master_Send124
0x03F0	0x3600      	RLCF        R0, 1 
0x03F2	0x9000      	BCF         R0, 0 
0x03F4	0x0FFF      	ADDLW       255
0x03F6	0xD7FB      	BRA         L__RS485Master_Send123
L__RS485Master_Send124:
0x03F8	0x5000      	MOVF        R0, 0 
0x03FA	0x1245      	IORWF       FARG_RS485Master_Send_datalen, 1 
;__Lib_RS485.c,262 :: 		
L_RS485Master_Send64:
;__Lib_RS485.c,258 :: 		
0x03FC	0x2A47      	INCF        RS485Master_Send_i_L0, 1 
;__Lib_RS485.c,263 :: 		
0x03FE	0xD7C9      	BRA         L_RS485Master_Send59
L_RS485Master_Send60:
;__Lib_RS485.c,264 :: 		
0x0400	0x0E80      	MOVLW       128
0x0402	0x1045      	IORWF       FARG_RS485Master_Send_datalen, 0 
0x0404	0x6E00      	MOVWF       R0 
0x0406	0xF045C000  	MOVFF       R0, FARG_RS485Master_Send_datalen
;__Lib_RS485.c,265 :: 		
0x040A	0xFFE1C023  	MOVFF       _UART_Wr_Ptr+2, FSR1L
0x040E	0xFFE2C024  	MOVFF       _UART_Wr_Ptr+3, FSR1H
0x0412	0xFFE6C000  	MOVFF       R0, POSTINC1
0x0416	0xF000C021  	MOVFF       _UART_Wr_Ptr, R0
0x041A	0xF001C022  	MOVFF       _UART_Wr_Ptr+1, R1
0x041E	0xDE30      	RCALL       _____DoIFC
;__Lib_RS485.c,267 :: 		
0x0420	0x5046      	MOVF        FARG_RS485Master_Send_slave_address, 0 
0x0422	0x1845      	XORWF       FARG_RS485Master_Send_datalen, 0 
0x0424	0x6E48      	MOVWF       RS485Master_Send_crc_send_L0 
;__Lib_RS485.c,268 :: 		
0x0426	0x6A47      	CLRF        RS485Master_Send_i_L0 
L_RS485Master_Send65:
0x0428	0x5047      	MOVF        RS485Master_Send_i_L0, 0 
0x042A	0x5C49      	SUBWF       RS485Master_Send_len_L0, 0 
0x042C	0xE31D      	BNC         L_RS485Master_Send66
;__Lib_RS485.c,269 :: 		
0x042E	0x5047      	MOVF        RS485Master_Send_i_L0, 0 
0x0430	0x2443      	ADDWF       FARG_RS485Master_Send_data_buffer, 0 
0x0432	0x6E00      	MOVWF       R0 
0x0434	0x0E00      	MOVLW       0
0x0436	0x2044      	ADDWFC      FARG_RS485Master_Send_data_buffer+1, 0 
0x0438	0x6E01      	MOVWF       R1 
0x043A	0xFFD9C000  	MOVFF       R0, FSR2L
0x043E	0xFFDAC001  	MOVFF       R1, FSR2H
0x0442	0x50DE      	MOVF        POSTINC2, 0 
0x0444	0x1A48      	XORWF       RS485Master_Send_crc_send_L0, 1 
;__Lib_RS485.c,270 :: 		
0x0446	0xFFE1C023  	MOVFF       _UART_Wr_Ptr+2, FSR1L
0x044A	0xFFE2C024  	MOVFF       _UART_Wr_Ptr+3, FSR1H
0x044E	0xFFE9C000  	MOVFF       R0, FSR0L
0x0452	0xFFEAC001  	MOVFF       R1, FSR0H
0x0456	0xFFE6CFEE  	MOVFF       POSTINC0, POSTINC1
0x045A	0xF000C021  	MOVFF       _UART_Wr_Ptr, R0
0x045E	0xF001C022  	MOVFF       _UART_Wr_Ptr+1, R1
0x0462	0xDE0E      	RCALL       _____DoIFC
;__Lib_RS485.c,268 :: 		
0x0464	0x2A47      	INCF        RS485Master_Send_i_L0, 1 
;__Lib_RS485.c,271 :: 		
0x0466	0xD7E0      	BRA         L_RS485Master_Send65
L_RS485Master_Send66:
;__Lib_RS485.c,273 :: 		
0x0468	0x1C48      	COMF        RS485Master_Send_crc_send_L0, 0 
0x046A	0x6E01      	MOVWF       R1 
0x046C	0xF048C001  	MOVFF       R1, RS485Master_Send_crc_send_L0
;__Lib_RS485.c,274 :: 		
0x0470	0x5001      	MOVF        R1, 0 
0x0472	0x0A96      	XORLW       150
0x0474	0xE004      	BZ          L__RS485Master_Send110
0x0476	0x5048      	MOVF        RS485Master_Send_crc_send_L0, 0 
0x0478	0x0AA9      	XORLW       169
0x047A	0xE001      	BZ          L__RS485Master_Send110
0x047C	0xD001      	BRA         L_RS485Master_Send70
L__RS485Master_Send110:
;__Lib_RS485.c,275 :: 		
0x047E	0x2A48      	INCF        RS485Master_Send_crc_send_L0, 1 
L_RS485Master_Send70:
;__Lib_RS485.c,277 :: 		
0x0480	0xFFE1C023  	MOVFF       _UART_Wr_Ptr+2, FSR1L
0x0484	0xFFE2C024  	MOVFF       _UART_Wr_Ptr+3, FSR1H
0x0488	0xFFE6C048  	MOVFF       RS485Master_Send_crc_send_L0, POSTINC1
0x048C	0xF000C021  	MOVFF       _UART_Wr_Ptr, R0
0x0490	0xF001C022  	MOVFF       _UART_Wr_Ptr+1, R1
0x0494	0xDDF5      	RCALL       _____DoIFC
;__Lib_RS485.c,278 :: 		
0x0496	0xFFE1C023  	MOVFF       _UART_Wr_Ptr+2, FSR1L
0x049A	0xFFE2C024  	MOVFF       _UART_Wr_Ptr+3, FSR1H
0x049E	0x0EA9      	MOVLW       169
0x04A0	0x6EE6      	MOVWF       POSTINC1 
0x04A2	0xF000C021  	MOVFF       _UART_Wr_Ptr, R0
0x04A6	0xF001C022  	MOVFF       _UART_Wr_Ptr+1, R1
0x04AA	0xDDEA      	RCALL       _____DoIFC
;__Lib_RS485.c,280 :: 		
L_RS485Master_Send71:
0x04AC	0xF000C025  	MOVFF       _UART_Tx_Idle_Ptr, R0
0x04B0	0xF001C026  	MOVFF       _UART_Tx_Idle_Ptr+1, R1
0x04B4	0xDDE5      	RCALL       _____DoIFC
0x04B6	0x5000      	MOVF        R0, 0 
0x04B8	0x0A00      	XORLW       0
0x04BA	0xE101      	BNZ         L_RS485Master_Send72
;__Lib_RS485.c,281 :: 		
0x04BC	0xD7F7      	BRA         L_RS485Master_Send71
L_RS485Master_Send72:
;__Lib_RS485.c,283 :: 		
0x04BE	0x9482      	BCF         rs485_rxtx_pin, BitPos(rs485_rxtx_pin+0) 
;__Lib_RS485.c,285 :: 		
L_end_RS485Master_Send:
0x04C0	0x0012      	RETURN      0
; end of _RS485Master_Send
_RS485Master_Init:
;__Lib_RS485.c,24 :: 		
;__Lib_RS485.c,25 :: 		
0x04C2	0x9494      	BCF         rs485_rxtx_pin_direction, BitPos(rs485_rxtx_pin_direction+0) 
;__Lib_RS485.c,26 :: 		
0x04C4	0x9482      	BCF         rs485_rxtx_pin, BitPos(rs485_rxtx_pin+0) 
;__Lib_RS485.c,29 :: 		
0x04C6	0x0E01      	MOVLW       1
0x04C8	0x6E20      	MOVWF       __Lib_RS485_ms_state 
;__Lib_RS485.c,30 :: 		
L_end_RS485Master_Init:
0x04CA	0x0012      	RETURN      0
; end of _RS485Master_Init
_main:
0x04CC	0x6A1C      	CLRF        _cnt 
0x04CE	0x6A1D      	CLRF        29 
0x04D0	0x6A1E      	CLRF        30 
0x04D2	0x6A1F      	CLRF        31 
;Master485.c,14 :: 		void main() {
;Master485.c,17 :: 		PORTB  = 0;
0x04D4	0x6A81      	CLRF        PORTB 
;Master485.c,18 :: 		PORTD  = 0;
0x04D6	0x6A83      	CLRF        PORTD 
;Master485.c,19 :: 		TRISB  = 0;
0x04D8	0x6A93      	CLRF        TRISB 
;Master485.c,20 :: 		TRISD  = 0;
0x04DA	0x6A95      	CLRF        TRISD 
;Master485.c,23 :: 		UART1_Init(9600);                    // initialize UART1 module
0x04DC	0x0E19      	MOVLW       25
0x04DE	0x6EAF      	MOVWF       SPBRG 
0x04E0	0x84AC      	BSF         TXSTA, 2, 0
0x04E2	0xDF08      	RCALL       _UART1_Init
;Master485.c,24 :: 		Delay_ms(100);
0x04E4	0x0E82      	MOVLW       130
0x04E6	0x6E0C      	MOVWF       R12, 0
0x04E8	0x0EDD      	MOVLW       221
0x04EA	0x6E0D      	MOVWF       R13, 0
L_main0:
0x04EC	0x2E0D      	DECFSZ      R13, 1, 0
0x04EE	0xD7FE      	BRA         L_main0
0x04F0	0x2E0C      	DECFSZ      R12, 1, 0
0x04F2	0xD7FC      	BRA         L_main0
0x04F4	0x0000      	NOP
0x04F6	0x0000      	NOP
;Master485.c,26 :: 		RS485Master_Init();                  // initialize MCU as Master
0x04F8	0xDFE4      	RCALL       _RS485Master_Init
;Master485.c,27 :: 		dat[0] = 0x01;
0x04FA	0x0E01      	MOVLW       1
0x04FC	0x6E2A      	MOVWF       _dat 
;Master485.c,28 :: 		dat[1] = 0xF0;
0x04FE	0x0EF0      	MOVLW       240
0x0500	0x6E2B      	MOVWF       _dat+1 
;Master485.c,29 :: 		dat[2] = 0x0F;
0x0502	0x0E0F      	MOVLW       15
0x0504	0x6E2C      	MOVWF       _dat+2 
;Master485.c,30 :: 		dat[4] = 0;                          // ensure that message received flag is 0
0x0506	0x6A2E      	CLRF        _dat+4 
;Master485.c,31 :: 		dat[5] = 0;                          // ensure that error flag is 0
0x0508	0x6A2F      	CLRF        _dat+5 
;Master485.c,32 :: 		dat[6] = 0;
0x050A	0x6A30      	CLRF        _dat+6 
;Master485.c,34 :: 		RS485Master_Send(dat,1,160);
0x050C	0x0E2A      	MOVLW       _dat
0x050E	0x6E43      	MOVWF       FARG_RS485Master_Send_data_buffer 
0x0510	0x0E00      	MOVLW       hi_addr(_dat)
0x0512	0x6E44      	MOVWF       FARG_RS485Master_Send_data_buffer+1 
0x0514	0x0E01      	MOVLW       1
0x0516	0x6E45      	MOVWF       FARG_RS485Master_Send_datalen 
0x0518	0x0EA0      	MOVLW       160
0x051A	0x6E46      	MOVWF       FARG_RS485Master_Send_slave_address 
0x051C	0xDF16      	RCALL       _RS485Master_Send
;Master485.c,37 :: 		RCIE_bit = 1;                        // enable interrupt on UART1 receive
0x051E	0x8A9D      	BSF         RCIE_bit, BitPos(RCIE_bit+0) 
;Master485.c,38 :: 		TXIE_bit = 0;                        // disable interrupt on UART1 transmit
0x0520	0x989D      	BCF         TXIE_bit, BitPos(TXIE_bit+0) 
;Master485.c,39 :: 		PEIE_bit = 1;                        // enable peripheral interrupts
0x0522	0x8CF2      	BSF         PEIE_bit, BitPos(PEIE_bit+0) 
;Master485.c,40 :: 		GIE_bit = 1;                         // enable all interrupts
0x0524	0x8EF2      	BSF         GIE_bit, BitPos(GIE_bit+0) 
;Master485.c,42 :: 		while (1){
L_main1:
;Master485.c,45 :: 		cnt++;
0x0526	0x0E01      	MOVLW       1
0x0528	0x261C      	ADDWF       _cnt, 1 
0x052A	0x0E00      	MOVLW       0
0x052C	0x221D      	ADDWFC      _cnt+1, 1 
0x052E	0x221E      	ADDWFC      _cnt+2, 1 
0x0530	0x221F      	ADDWFC      _cnt+3, 1 
;Master485.c,46 :: 		if (dat[5])  {                     // if an error detected, signal it
0x0532	0x522F      	MOVF        _dat+5, 1 
0x0534	0xE002      	BZ          L_main3
;Master485.c,47 :: 		PORTD = 0xAA;                    //   by setting portd to 0xAA
0x0536	0x0EAA      	MOVLW       170
0x0538	0x6E83      	MOVWF       PORTD 
;Master485.c,48 :: 		}
L_main3:
;Master485.c,49 :: 		if (dat[4]) {                      // if message received successfully
0x053A	0x522E      	MOVF        _dat+4, 1 
0x053C	0xE033      	BZ          L_main4
;Master485.c,50 :: 		cnt = 0;
0x053E	0x6A1C      	CLRF        _cnt 
0x0540	0x6A1D      	CLRF        _cnt+1 
0x0542	0x6A1E      	CLRF        _cnt+2 
0x0544	0x6A1F      	CLRF        _cnt+3 
;Master485.c,51 :: 		dat[4] = 0;                      // clear message received flag
0x0546	0x6A2E      	CLRF        _dat+4 
;Master485.c,52 :: 		j = dat[3];
0x0548	0xF034C02D  	MOVFF       _dat+3, _j
;Master485.c,53 :: 		for (i = 1; i <= dat[3]; i++) {  // show data on PORTB
0x054C	0x0E01      	MOVLW       1
0x054E	0x6E29      	MOVWF       _i 
L_main5:
0x0550	0x5029      	MOVF        _i, 0 
0x0552	0x5C2D      	SUBWF       _dat+3, 0 
0x0554	0xE30F      	BNC         L_main6
;Master485.c,54 :: 		PORTB = dat[i-1];
0x0556	0x0429      	DECF        _i, 0 
0x0558	0x6E00      	MOVWF       R0 
0x055A	0x6A01      	CLRF        R1 
0x055C	0x0E00      	MOVLW       0
0x055E	0x5A01      	SUBWFB      R1, 1 
0x0560	0x0E2A      	MOVLW       _dat
0x0562	0x2400      	ADDWF       R0, 0 
0x0564	0x6EE9      	MOVWF       FSR0L 
0x0566	0x0E00      	MOVLW       hi_addr(_dat)
0x0568	0x2001      	ADDWFC      R1, 0 
0x056A	0x6EEA      	MOVWF       FSR0H 
0x056C	0xFF81CFEE  	MOVFF       POSTINC0, PORTB
;Master485.c,53 :: 		for (i = 1; i <= dat[3]; i++) {  // show data on PORTB
0x0570	0x2A29      	INCF        _i, 1 
;Master485.c,57 :: 		}                                // increment received dat[0]
0x0572	0xD7EE      	BRA         L_main5
L_main6:
;Master485.c,58 :: 		UART1_Write(10);
0x0574	0x0E0A      	MOVLW       10
0x0576	0x6E4A      	MOVWF       FARG_UART1_Write_data_ 
0x0578	0xDD72      	RCALL       _UART1_Write
;Master485.c,59 :: 		UART1_Write(13);
0x057A	0x0E0D      	MOVLW       13
0x057C	0x6E4A      	MOVWF       FARG_UART1_Write_data_ 
0x057E	0xDD6F      	RCALL       _UART1_Write
;Master485.c,60 :: 		dat[0] = dat[0]+1;
0x0580	0x2A2A      	INCF        _dat, 1 
;Master485.c,61 :: 		Delay_ms(1);
0x0582	0x0E02      	MOVLW       2
0x0584	0x6E0C      	MOVWF       R12, 0
0x0586	0x0E4B      	MOVLW       75
0x0588	0x6E0D      	MOVWF       R13, 0
L_main8:
0x058A	0x2E0D      	DECFSZ      R13, 1, 0
0x058C	0xD7FE      	BRA         L_main8
0x058E	0x2E0C      	DECFSZ      R12, 1, 0
0x0590	0xD7FC      	BRA         L_main8
;Master485.c,62 :: 		RS485Master_Send(dat,1,160);
0x0592	0x0E2A      	MOVLW       _dat
0x0594	0x6E43      	MOVWF       FARG_RS485Master_Send_data_buffer 
0x0596	0x0E00      	MOVLW       hi_addr(_dat)
0x0598	0x6E44      	MOVWF       FARG_RS485Master_Send_data_buffer+1 
0x059A	0x0E01      	MOVLW       1
0x059C	0x6E45      	MOVWF       FARG_RS485Master_Send_datalen 
0x059E	0x0EA0      	MOVLW       160
0x05A0	0x6E46      	MOVWF       FARG_RS485Master_Send_slave_address 
0x05A2	0xDED3      	RCALL       _RS485Master_Send
;Master485.c,64 :: 		}
L_main4:
;Master485.c,65 :: 		if (cnt > 100000) {
0x05A4	0x0E80      	MOVLW       128
0x05A6	0x0A00      	XORLW       0
0x05A8	0x6E00      	MOVWF       R0 
0x05AA	0x0E80      	MOVLW       128
0x05AC	0x181F      	XORWF       _cnt+3, 0 
0x05AE	0x5C00      	SUBWF       R0, 0 
0x05B0	0xE108      	BNZ         L__main14
0x05B2	0x501E      	MOVF        _cnt+2, 0 
0x05B4	0x0801      	SUBLW       1
0x05B6	0xE105      	BNZ         L__main14
0x05B8	0x501D      	MOVF        _cnt+1, 0 
0x05BA	0x0886      	SUBLW       134
0x05BC	0xE102      	BNZ         L__main14
0x05BE	0x501C      	MOVF        _cnt, 0 
0x05C0	0x08A0      	SUBLW       160
L__main14:
0x05C2	0xE21E      	BC          L_main9
;Master485.c,66 :: 		PORTD ++;
0x05C4	0x5083      	MOVF        PORTD, 0 
0x05C6	0x0F01      	ADDLW       1
0x05C8	0x6E00      	MOVWF       R0 
0x05CA	0xFF83C000  	MOVFF       R0, PORTD
;Master485.c,67 :: 		cnt = 0;
0x05CE	0x6A1C      	CLRF        _cnt 
0x05D0	0x6A1D      	CLRF        _cnt+1 
0x05D2	0x6A1E      	CLRF        _cnt+2 
0x05D4	0x6A1F      	CLRF        _cnt+3 
;Master485.c,68 :: 		RS485Master_Send(dat,1,160);
0x05D6	0x0E2A      	MOVLW       _dat
0x05D8	0x6E43      	MOVWF       FARG_RS485Master_Send_data_buffer 
0x05DA	0x0E00      	MOVLW       hi_addr(_dat)
0x05DC	0x6E44      	MOVWF       FARG_RS485Master_Send_data_buffer+1 
0x05DE	0x0E01      	MOVLW       1
0x05E0	0x6E45      	MOVWF       FARG_RS485Master_Send_datalen 
0x05E2	0x0EA0      	MOVLW       160
0x05E4	0x6E46      	MOVWF       FARG_RS485Master_Send_slave_address 
0x05E6	0xDEB1      	RCALL       _RS485Master_Send
;Master485.c,69 :: 		if (PORTD > 10)                  // if sending failed 10 times
0x05E8	0x5083      	MOVF        PORTD, 0 
0x05EA	0x080A      	SUBLW       10
0x05EC	0xE209      	BC          L_main10
;Master485.c,70 :: 		RS485Master_Send(dat,1,50);    //   send message on broadcast address
0x05EE	0x0E2A      	MOVLW       _dat
0x05F0	0x6E43      	MOVWF       FARG_RS485Master_Send_data_buffer 
0x05F2	0x0E00      	MOVLW       hi_addr(_dat)
0x05F4	0x6E44      	MOVWF       FARG_RS485Master_Send_data_buffer+1 
0x05F6	0x0E01      	MOVLW       1
0x05F8	0x6E45      	MOVWF       FARG_RS485Master_Send_datalen 
0x05FA	0x0E32      	MOVLW       50
0x05FC	0x6E46      	MOVWF       FARG_RS485Master_Send_slave_address 
0x05FE	0xDEA5      	RCALL       _RS485Master_Send
L_main10:
;Master485.c,71 :: 		}
L_main9:
;Master485.c,72 :: 		}
0x0600	0xD792      	BRA         L_main1
;Master485.c,75 :: 		}
L_end_main:
0x0602	0xD7FF      	BRA         $+0
; end of _main
Symbol List:
//** Routines locations **
//ADDRESS    SIZE    PROCEDURE
//----------------------------------------------
0x0008      [68]    _interrupt
0x004C      [18]    _UART1_Read
0x005E      [14]    _UART1_Write
0x006C      [10]    _UART1_Data_Ready
0x0076      [10]    _UART1_Tx_Idle
0x0080      [24]    _____DoIFC
0x0098      [16]    ___CC2DW
0x00A8     [588]    _RS485Master_Receive
0x02F4      [86]    _UART1_Init
0x034A     [376]    _RS485Master_Send
0x04C2      [10]    _RS485Master_Init
0x04CC     [312]    _main
//** Variables locations ** 
//ADDRESS    SIZE    VARIABLE
//----------------------------------------------
0x0000       [1]    R0
0x0000       [1]    UART1_Init_tmp_L0
0x0001       [1]    UART1_Read___tmp_UART1_Read_L0
0x0001       [1]    R1
0x0002       [2]    memcpy_dd_L0
0x0002       [2]    memchr_s_L0
0x0002       [1]    R2
0x0002       [2]    strlen_cp_L0
0x0002       [2]    memset_pp_L0
0x0003       [2]    Ltrim_original_L0
0x0003       [2]    memmove_tt_L0
0x0003       [1]    R3
0x0004       [2]    strcpy_cp_L0
0x0004       [2]    strcat_cp_L0
0x0004       [1]    R4
0x0004       [2]    strncpy_cp_L0
0x0004       [2]    memcpy_ss_L0
0x0004       [2]    strncat_cp_L0
0x0005       [2]    memmove_ff_L0
0x0005       [2]    LongWordToHex_input_half_L0
0x0005       [1]    R5
0x0005       [2]    LongIntToHex_input_half_L0
0x0005       [2]    Ltrim_p_L0
0x0006       [1]    R6
0x0007       [1]    R7
0x0008       [1]    R8
0x0009       [1]    R9
0x000A       [1]    R10
0x000B       [1]    R11
0x000C       [1]    R12
0x000D       [1]    R13
0x000E       [1]    R14
0x000F       [1]    R15
0x0010       [1]    R16
0x0011       [1]    R17
0x0012       [1]    R18
0x0013       [1]    R19
0x0014       [1]    R20
0x001C       [4]    _cnt
0x0020       [1]    __Lib_RS485_ms_state
0x0021       [4]    _UART_Wr_Ptr
0x0025       [4]    _UART_Tx_Idle_Ptr
0x0029       [1]    _i
0x002A      [10]    _dat
0x0034       [1]    _j
0x0035       [4]    _UART_Rd_Ptr
0x0039       [1]    RS485Master_Receive_adre_L0
0x003A       [1]    RS485Master_Receive_rec_L0
0x003B       [1]    RS485Master_Receive_crc_is_ok_L0
0x003C       [1]    RS485Master_Receive_key_L0
0x003D       [1]    RS485Master_Receive_i_L0
0x003E       [4]    _UART_Rdy_Ptr
0x0042       [1]    RS485Master_Receive_datalen_L0
0x0043       [2]    FARG_RS485Master_Send_data_buffer
0x0045       [1]    FARG_RS485Master_Send_datalen
0x0046       [1]    FARG_RS485Master_Send_slave_address
0x0047       [1]    RS485Master_Send_i_L0
0x0048       [1]    RS485Master_Send_crc_send_L0
0x0049       [1]    RS485Master_Send_len_L0
0x004A       [1]    FARG_UART1_Write_data_
0x004B       [2]    FARG_RS485Master_Receive_data_buffer
0x0F81       [1]    PORTB
0x0F82       [0]    rs485_rxtx_pin
0x0F82       [0]    RC2_bit
0x0F83       [1]    PORTD
0x0F93       [1]    TRISB
0x0F94       [0]    rs485_rxtx_pin_direction
0x0F94       [0]    TRISC7_bit
0x0F94       [0]    TRISC6_bit
0x0F94       [0]    TRISC2_bit
0x0F95       [1]    TRISD
0x0F9D       [0]    RCIE_bit
0x0F9D       [0]    TXIE_bit
0x0F9E       [1]    PIR1
0x0FAB       [1]    RCSTA
0x0FAC       [1]    TXSTA
0x0FAD       [1]    TXREG
0x0FAE       [1]    RCREG
0x0FAF       [1]    SPBRG
0x0FD8       [1]    STATUS
0x0FD9       [1]    FSR2L
0x0FDA       [1]    FSR2H
0x0FDE       [1]    POSTINC2
0x0FE0       [1]    BSR
0x0FE1       [2]    FSR1
0x0FE1       [1]    FSR1L
0x0FE2       [1]    FSR1H
0x0FE4       [1]    PREINC1
0x0FE6       [1]    POSTINC1
0x0FE7       [1]    INDF1
0x0FE8       [1]    WREG
0x0FE9       [1]    FSR0L
0x0FEA       [1]    FSR0H
0x0FEE       [1]    POSTINC0
0x0FF2       [1]    INTCON
0x0FF2       [0]    GIE_bit
0x0FF2       [0]    PEIE_bit
0x0FF3       [1]    PRODL
0x0FF4       [1]    PRODH
0x0FF5       [1]    TABLAT
0x0FF6       [1]    TBLPTRL
0x0FF7       [1]    TBLPTRH
0x0FF8       [1]    TBLPTRU
0x0FFD       [1]    TOSL
0x0FFE       [1]    TOSH
0x0FFF       [1]    TOSU
